<?xml version="1.0" encoding="UTF-8"?>
<!-- Generated by org.testng.reporters.JUnitReportReporter -->
<testsuite skipped="0" hostname="DESKTOP-1JPHNK3" name="Testlogout" tests="1" failures="0" timestamp="2022-11-20T23:25:26 IST" time="4.446" errors="0">
  <testcase name="verifyLogoutFunctionality" time="4.446" classname="Testlogout"/>
</testsuite> <!-- Testlogout -->
