<?xml version="1.0" encoding="UTF-8"?>
<!-- Generated by org.testng.reporters.JUnitReportReporter -->
<testsuite skipped="0" hostname="Dell-Sourabh" name="TestDashboardPage" tests="1" failures="0" timestamp="26 Jul 2022 17:38:10 GMT" time="0.018" errors="0">
  <testcase name="verifyAllLinksOnDashboard" time="0.018" classname="TestDashboardPage"/>
</testsuite> <!-- TestDashboardPage -->
