<?xml version="1.0" encoding="UTF-8"?>
<!-- Generated by org.testng.reporters.JUnitReportReporter -->
<testsuite skipped="0" hostname="DESKTOP-1JPHNK3" name="TestEditProfile" tests="1" failures="0" timestamp="2022-11-20T23:25:26 IST" time="7.156" errors="0">
  <testcase name="testEmailAddressEditProfile" time="7.156" classname="TestEditProfile"/>
</testsuite> <!-- TestEditProfile -->
